<?xml version="1.0" encoding="UTF-8"?>
<beans xmlns="http://www.springframework.org/schema/beans"
    xmlns:xsi="http://www.w3.org/2001/XMLSchema-instance"
    xmlns:beans="http://www.springframework.org/schema/beans"
    xmlns:context="http://www.springframework.org/schema/context"
    xmlns:jdbc="http://www.springframework.org/schema/jdbc"
    xsi:schemaLocation="http://www.springframework.org/schema/beans http://www.springframework.org/schema/beans/spring-beans-3.2.xsd
    http://www.springframework.org/schema/tx http://www.springframework.org/schema/tx/spring-tx-3.2.xsd
    http://www.springframework.org/schema/context http://www.springframework.org/schema/context/spring-context-3.2.xsd
    http://www.springframework.org/schema/jdbc http://www.springframework.org/schema/jdbc/spring-jdbc-3.2.xsd"
    default-autowire="byName">

    <jdbc:embedded-database id="dataSource" type="H2">
        <jdbc:script location="file:db/create_script_mysql.sql" />
    </jdbc:embedded-database>   

    <bean id="smppReceiver" class="org.eminmamedov.smscenter.receivers.smpp.SmppReceiver" init-method="start" destroy-method="stop" />

    <bean id="smsReceiversManager" class="org.eminmamedov.smscenter.receivers.SmsReceiversManager" />

    <bean id="smsSendersManager" class="org.eminmamedov.smscenter.senders.SmsSendersManager" />

    <bean id="h2DatabaseServer" class="org.h2.tools.Server" factory-method="createTcpServer" init-method="start" destroy-method="stop">
        <constructor-arg value="-tcp,-tcpAllowOthers,-tcpPort,8043" />
    </bean>

</beans>